<?xml version="1.0" encoding="UTF-8"?>
<coverage generated="1587074500849" clover="3.2.0">
  <project timestamp="1587074500850" name="All files">
    <metrics statements="41" coveredstatements="36" conditionals="32" coveredconditionals="21" methods="8" coveredmethods="8" elements="81" coveredelements="65" complexity="0" loc="41" ncloc="41" packages="1" files="2" classes="2"/>
    <file name="const.ts" path="D:\Coding\source-tree\nestjs-graphql-validator\src\const.ts">
      <metrics statements="2" coveredstatements="2" conditionals="0" coveredconditionals="0" methods="0" coveredmethods="0"/>
      <line num="1" count="1" type="stmt"/>
      <line num="3" count="1" type="stmt"/>
    </file>
    <file name="index.ts" path="D:\Coding\source-tree\nestjs-graphql-validator\src\index.ts">
      <metrics statements="39" coveredstatements="34" conditionals="32" coveredconditionals="21" methods="8" coveredmethods="8"/>
      <line num="11" count="17" type="stmt"/>
      <line num="25" count="4" type="cond" truecount="1" falsecount="1"/>
      <line num="26" count="4" type="stmt"/>
      <line num="30" count="4" type="cond" truecount="1" falsecount="1"/>
      <line num="31" count="4" type="stmt"/>
      <line num="35" count="5" type="cond" truecount="1" falsecount="1"/>
      <line num="36" count="5" type="stmt"/>
      <line num="40" count="2" type="cond" truecount="1" falsecount="1"/>
      <line num="41" count="2" type="stmt"/>
      <line num="45" count="3" type="cond" truecount="1" falsecount="1"/>
      <line num="46" count="3" type="stmt"/>
      <line num="50" count="3" type="cond" truecount="1" falsecount="1"/>
      <line num="52" count="3" type="stmt"/>
      <line num="53" count="3" type="stmt"/>
      <line num="54" count="3" type="cond" truecount="1" falsecount="1"/>
      <line num="55" count="3" type="stmt"/>
      <line num="57" count="0" type="stmt"/>
      <line num="60" count="3" type="cond" truecount="2" falsecount="0"/>
      <line num="62" count="2" type="stmt"/>
      <line num="66" count="18" type="cond" truecount="3" falsecount="1"/>
      <line num="68" count="18" type="stmt"/>
      <line num="70" count="18" type="stmt"/>
      <line num="71" count="18" type="stmt"/>
      <line num="73" count="18" type="cond" truecount="1" falsecount="1"/>
      <line num="74" count="0" type="stmt"/>
      <line num="75" count="0" type="stmt"/>
      <line num="78" count="18" type="cond" truecount="2" falsecount="0"/>
      <line num="79" count="16" type="stmt"/>
      <line num="80" count="22" type="cond" truecount="2" falsecount="0"/>
      <line num="81" count="21" type="stmt"/>
      <line num="83" count="21" type="cond" truecount="2" falsecount="0"/>
      <line num="84" count="4" type="stmt"/>
      <line num="85" count="4" type="cond" truecount="1" falsecount="1"/>
      <line num="86" count="0" type="stmt"/>
      <line num="89" count="4" type="stmt"/>
      <line num="91" count="4" type="stmt"/>
      <line num="93" count="1" type="cond" truecount="1" falsecount="1"/>
      <line num="94" count="0" type="stmt"/>
      <line num="98" count="12" type="stmt"/>
    </file>
  </project>
</coverage>
