{"D:\\Coding\\source-tree\\nestjs-graphql-validator\\src\\const.ts": {"path":"D:\\Coding\\source-tree\\nestjs-graphql-validator\\src\\const.ts","statementMap":{"0":{"start":{"line":1,"column":26},"end":{"line":1,"column":35}},"1":{"start":{"line":3,"column":29},"end":{"line":3,"column":89}}},"fnMap":{},"branchMap":{},"s":{"0":1,"1":1},"f":{},"b":{},"_coverageSchema":"1a1c01bbd47fc00a2c39e90264f33305004495a9","hash":"318428b628a89667ed524814007c8b3370a54cb0"}
,"D:\\Coding\\source-tree\\nestjs-graphql-validator\\src\\index.ts": {"path":"D:\\Coding\\source-tree\\nestjs-graphql-validator\\src\\index.ts","statementMap":{"0":{"start":{"line":11,"column":102},"end":{"line":20,"column":2}},"1":{"start":{"line":25,"column":23},"end":{"line":25,"column":70}},"2":{"start":{"line":26,"column":2},"end":{"line":26,"column":46}},"3":{"start":{"line":30,"column":23},"end":{"line":30,"column":70}},"4":{"start":{"line":31,"column":2},"end":{"line":31,"column":46}},"5":{"start":{"line":35,"column":23},"end":{"line":35,"column":70}},"6":{"start":{"line":36,"column":2},"end":{"line":36,"column":39}},"7":{"start":{"line":40,"column":23},"end":{"line":40,"column":70}},"8":{"start":{"line":41,"column":2},"end":{"line":41,"column":39}},"9":{"start":{"line":45,"column":23},"end":{"line":45,"column":70}},"10":{"start":{"line":46,"column":2},"end":{"line":46,"column":54}},"11":{"start":{"line":50,"column":23},"end":{"line":50,"column":70}},"12":{"start":{"line":52,"column":2},"end":{"line":61,"column":3}},"13":{"start":{"line":53,"column":21},"end":{"line":53,"column":26}},"14":{"start":{"line":54,"column":3},"end":{"line":58,"column":4}},"15":{"start":{"line":55,"column":4},"end":{"line":55,"column":62}},"16":{"start":{"line":57,"column":4},"end":{"line":57,"column":46}},"17":{"start":{"line":60,"column":3},"end":{"line":60,"column":33}},"18":{"start":{"line":60,"column":21},"end":{"line":60,"column":33}},"19":{"start":{"line":62,"column":2},"end":{"line":62,"column":13}},"20":{"start":{"line":66,"column":2},"end":{"line":66,"column":48}},"21":{"start":{"line":66,"column":35},"end":{"line":66,"column":48}},"22":{"start":{"line":68,"column":20},"end":{"line":68,"column":33}},"23":{"start":{"line":70,"column":20},"end":{"line":70,"column":40}},"24":{"start":{"line":71,"column":21},"end":{"line":71,"column":30}},"25":{"start":{"line":73,"column":2},"end":{"line":76,"column":3}},"26":{"start":{"line":74,"column":16},"end":{"line":74,"column":34}},"27":{"start":{"line":75,"column":3},"end":{"line":75,"column":33}},"28":{"start":{"line":78,"column":2},"end":{"line":78,"column":43}},"29":{"start":{"line":78,"column":31},"end":{"line":78,"column":43}},"30":{"start":{"line":79,"column":2},"end":{"line":97,"column":3}},"31":{"start":{"line":80,"column":3},"end":{"line":95,"column":4}},"32":{"start":{"line":81,"column":18},"end":{"line":81,"column":112}},"33":{"start":{"line":83,"column":4},"end":{"line":92,"column":5}},"34":{"start":{"line":84,"column":18},"end":{"line":84,"column":22}},"35":{"start":{"line":85,"column":5},"end":{"line":90,"column":6}},"36":{"start":{"line":86,"column":6},"end":{"line":86,"column":50}},"37":{"start":{"line":89,"column":6},"end":{"line":89,"column":148}},"38":{"start":{"line":91,"column":5},"end":{"line":91,"column":43}},"39":{"start":{"line":93,"column":10},"end":{"line":95,"column":4}},"40":{"start":{"line":94,"column":4},"end":{"line":94,"column":63}},"41":{"start":{"line":98,"column":2},"end":{"line":98,"column":15}}},"fnMap":{"0":{"name":"(anonymous_0)","decl":{"start":{"line":22,"column":1},"end":{"line":22,"column":2}},"loc":{"start":{"line":22,"column":34},"end":{"line":22,"column":37}},"line":22},"1":{"name":"(anonymous_1)","decl":{"start":{"line":24,"column":1},"end":{"line":24,"column":2}},"loc":{"start":{"line":24,"column":98},"end":{"line":27,"column":2}},"line":24},"2":{"name":"(anonymous_2)","decl":{"start":{"line":29,"column":1},"end":{"line":29,"column":2}},"loc":{"start":{"line":29,"column":98},"end":{"line":32,"column":2}},"line":29},"3":{"name":"(anonymous_3)","decl":{"start":{"line":34,"column":1},"end":{"line":34,"column":2}},"loc":{"start":{"line":34,"column":95},"end":{"line":37,"column":2}},"line":34},"4":{"name":"(anonymous_4)","decl":{"start":{"line":39,"column":1},"end":{"line":39,"column":2}},"loc":{"start":{"line":39,"column":95},"end":{"line":42,"column":2}},"line":39},"5":{"name":"(anonymous_5)","decl":{"start":{"line":44,"column":1},"end":{"line":44,"column":2}},"loc":{"start":{"line":44,"column":87},"end":{"line":47,"column":2}},"line":44},"6":{"name":"(anonymous_6)","decl":{"start":{"line":49,"column":1},"end":{"line":49,"column":2}},"loc":{"start":{"line":49,"column":79},"end":{"line":63,"column":2}},"line":49},"7":{"name":"(anonymous_7)","decl":{"start":{"line":65,"column":1},"end":{"line":65,"column":2}},"loc":{"start":{"line":65,"column":56},"end":{"line":99,"column":2}},"line":65}},"branchMap":{"0":{"loc":{"start":{"line":25,"column":23},"end":{"line":25,"column":70}},"type":"cond-expr","locations":[{"start":{"line":25,"column":38},"end":{"line":25,"column":62}},{"start":{"line":25,"column":65},"end":{"line":25,"column":70}}],"line":25},"1":{"loc":{"start":{"line":30,"column":23},"end":{"line":30,"column":70}},"type":"cond-expr","locations":[{"start":{"line":30,"column":38},"end":{"line":30,"column":62}},{"start":{"line":30,"column":65},"end":{"line":30,"column":70}}],"line":30},"2":{"loc":{"start":{"line":35,"column":23},"end":{"line":35,"column":70}},"type":"cond-expr","locations":[{"start":{"line":35,"column":38},"end":{"line":35,"column":62}},{"start":{"line":35,"column":65},"end":{"line":35,"column":70}}],"line":35},"3":{"loc":{"start":{"line":40,"column":23},"end":{"line":40,"column":70}},"type":"cond-expr","locations":[{"start":{"line":40,"column":38},"end":{"line":40,"column":62}},{"start":{"line":40,"column":65},"end":{"line":40,"column":70}}],"line":40},"4":{"loc":{"start":{"line":45,"column":23},"end":{"line":45,"column":70}},"type":"cond-expr","locations":[{"start":{"line":45,"column":38},"end":{"line":45,"column":62}},{"start":{"line":45,"column":65},"end":{"line":45,"column":70}}],"line":45},"5":{"loc":{"start":{"line":50,"column":23},"end":{"line":50,"column":70}},"type":"cond-expr","locations":[{"start":{"line":50,"column":38},"end":{"line":50,"column":62}},{"start":{"line":50,"column":65},"end":{"line":50,"column":70}}],"line":50},"6":{"loc":{"start":{"line":54,"column":3},"end":{"line":58,"column":4}},"type":"if","locations":[{"start":{"line":54,"column":3},"end":{"line":58,"column":4}},{"start":{"line":54,"column":3},"end":{"line":58,"column":4}}],"line":54},"7":{"loc":{"start":{"line":60,"column":3},"end":{"line":60,"column":33}},"type":"if","locations":[{"start":{"line":60,"column":3},"end":{"line":60,"column":33}},{"start":{"line":60,"column":3},"end":{"line":60,"column":33}}],"line":60},"8":{"loc":{"start":{"line":66,"column":2},"end":{"line":66,"column":48}},"type":"if","locations":[{"start":{"line":66,"column":2},"end":{"line":66,"column":48}},{"start":{"line":66,"column":2},"end":{"line":66,"column":48}}],"line":66},"9":{"loc":{"start":{"line":66,"column":6},"end":{"line":66,"column":33}},"type":"binary-expr","locations":[{"start":{"line":66,"column":6},"end":{"line":66,"column":15}},{"start":{"line":66,"column":19},"end":{"line":66,"column":33}}],"line":66},"10":{"loc":{"start":{"line":73,"column":2},"end":{"line":76,"column":3}},"type":"if","locations":[{"start":{"line":73,"column":2},"end":{"line":76,"column":3}},{"start":{"line":73,"column":2},"end":{"line":76,"column":3}}],"line":73},"11":{"loc":{"start":{"line":78,"column":2},"end":{"line":78,"column":43}},"type":"if","locations":[{"start":{"line":78,"column":2},"end":{"line":78,"column":43}},{"start":{"line":78,"column":2},"end":{"line":78,"column":43}}],"line":78},"12":{"loc":{"start":{"line":80,"column":3},"end":{"line":95,"column":4}},"type":"if","locations":[{"start":{"line":80,"column":3},"end":{"line":95,"column":4}},{"start":{"line":80,"column":3},"end":{"line":95,"column":4}}],"line":80},"13":{"loc":{"start":{"line":83,"column":4},"end":{"line":92,"column":5}},"type":"if","locations":[{"start":{"line":83,"column":4},"end":{"line":92,"column":5}},{"start":{"line":83,"column":4},"end":{"line":92,"column":5}}],"line":83},"14":{"loc":{"start":{"line":85,"column":5},"end":{"line":90,"column":6}},"type":"if","locations":[{"start":{"line":85,"column":5},"end":{"line":90,"column":6}},{"start":{"line":85,"column":5},"end":{"line":90,"column":6}}],"line":85},"15":{"loc":{"start":{"line":93,"column":10},"end":{"line":95,"column":4}},"type":"if","locations":[{"start":{"line":93,"column":10},"end":{"line":95,"column":4}},{"start":{"line":93,"column":10},"end":{"line":95,"column":4}}],"line":93}},"s":{"0":17,"1":4,"2":4,"3":4,"4":4,"5":5,"6":5,"7":2,"8":2,"9":3,"10":3,"11":3,"12":3,"13":3,"14":3,"15":3,"16":0,"17":3,"18":1,"19":2,"20":18,"21":0,"22":18,"23":18,"24":18,"25":18,"26":0,"27":0,"28":18,"29":2,"30":16,"31":22,"32":21,"33":21,"34":4,"35":4,"36":0,"37":4,"38":4,"39":1,"40":0,"41":12},"f":{"0":17,"1":4,"2":4,"3":5,"4":2,"5":3,"6":3,"7":18},"b":{"0":[0,4],"1":[0,4],"2":[0,5],"3":[0,2],"4":[0,3],"5":[0,3],"6":[3,0],"7":[1,2],"8":[0,18],"9":[18,18],"10":[0,18],"11":[2,16],"12":[21,1],"13":[4,17],"14":[0,4],"15":[0,1]},"_coverageSchema":"1a1c01bbd47fc00a2c39e90264f33305004495a9","hash":"bbc6a7e7111adf31d5ec4d3cd959e55955c59d77"}
}
