TN:
SF:src\const.ts
FNF:0
FNH:0
DA:1,1
DA:3,1
LF:2
LH:2
BRF:0
BRH:0
end_of_record
TN:
SF:src\index.ts
FN:22,(anonymous_0)
FN:24,(anonymous_1)
FN:29,(anonymous_2)
FN:34,(anonymous_3)
FN:39,(anonymous_4)
FN:44,(anonymous_5)
FN:49,(anonymous_6)
FN:65,(anonymous_7)
FNF:8
FNH:8
FNDA:17,(anonymous_0)
FNDA:4,(anonymous_1)
FNDA:4,(anonymous_2)
FNDA:5,(anonymous_3)
FNDA:2,(anonymous_4)
FNDA:3,(anonymous_5)
FNDA:3,(anonymous_6)
FNDA:18,(anonymous_7)
DA:11,17
DA:25,4
DA:26,4
DA:30,4
DA:31,4
DA:35,5
DA:36,5
DA:40,2
DA:41,2
DA:45,3
DA:46,3
DA:50,3
DA:52,3
DA:53,3
DA:54,3
DA:55,3
DA:57,0
DA:60,3
DA:62,2
DA:66,18
DA:68,18
DA:70,18
DA:71,18
DA:73,18
DA:74,0
DA:75,0
DA:78,18
DA:79,16
DA:80,22
DA:81,21
DA:83,21
DA:84,4
DA:85,4
DA:86,0
DA:89,4
DA:91,4
DA:93,1
DA:94,0
DA:98,12
LF:39
LH:34
BRDA:25,0,0,0
BRDA:25,0,1,4
BRDA:30,1,0,0
BRDA:30,1,1,4
BRDA:35,2,0,0
BRDA:35,2,1,5
BRDA:40,3,0,0
BRDA:40,3,1,2
BRDA:45,4,0,0
BRDA:45,4,1,3
BRDA:50,5,0,0
BRDA:50,5,1,3
BRDA:54,6,0,3
BRDA:54,6,1,0
BRDA:60,7,0,1
BRDA:60,7,1,2
BRDA:66,8,0,0
BRDA:66,8,1,18
BRDA:66,9,0,18
BRDA:66,9,1,18
BRDA:73,10,0,0
BRDA:73,10,1,18
BRDA:78,11,0,2
BRDA:78,11,1,16
BRDA:80,12,0,21
BRDA:80,12,1,1
BRDA:83,13,0,4
BRDA:83,13,1,17
BRDA:85,14,0,0
BRDA:85,14,1,4
BRDA:93,15,0,0
BRDA:93,15,1,1
BRF:32
BRH:21
end_of_record
